<?xml version="1.0" encoding="UTF-8"?>
<!-- Generated by org.testng.reporters.JUnitReportReporter -->
<testsuite hostname="selenium26" failures="0" tests="1" name="TestScripts.BeforeAfterTest" time="9.051" errors="0" timestamp="2024-12-12T12:52:00 IST" skipped="0">
  <testcase classname="TestScripts.BeforeAfterTest" name="seleniumSearchTest" time="9.051"/>
  <system-out/>
</testsuite> <!-- TestScripts.BeforeAfterTest -->
