<?xml version="1.0" encoding="UTF-8"?>
<!-- Generated by org.testng.reporters.JUnitReportReporter -->
<testsuite hostname="selenium26" failures="0" tests="3" name="TestScripts.GooglePageTest" time="19.833" errors="0" timestamp="2024-12-12T13:15:59 IST" skipped="0">
  <testcase classname="TestScripts.GooglePageTest" name="appiumSearch" time="7.629"/>
  <system-out/>
  <testcase classname="TestScripts.GooglePageTest" name="seleniumSearchTest" time="6.200"/>
  <system-out/>
  <testcase classname="TestScripts.GooglePageTest" name="javaSearch" time="6.004"/>
  <system-out/>
</testsuite> <!-- TestScripts.GooglePageTest -->
