<?xml version="1.0" encoding="UTF-8"?>
<!-- Generated by org.testng.reporters.JUnitReportReporter -->
<testsuite hostname="selenium26" failures="0" tests="1" name="TestScripts.PageLoadTest" time="12.224" errors="0" timestamp="2024-12-12T12:34:52 IST" skipped="0">
  <testcase classname="TestScripts.PageLoadTest" name="f" time="12.224"/>
  <system-out/>
</testsuite> <!-- TestScripts.PageLoadTest -->
