<?xml version="1.0" encoding="UTF-8"?>
<!-- Generated by org.testng.reporters.JUnitReportReporter -->
<testsuite hostname="selenium26" failures="0" tests="1" name="TestScripts.JSExecTest" time="10.737" errors="0" timestamp="2024-12-12T12:33:30 IST" skipped="0">
  <testcase classname="TestScripts.JSExecTest" name="f" time="10.737"/>
  <system-out/>
</testsuite> <!-- TestScripts.JSExecTest -->
