<?xml version="1.0" encoding="UTF-8"?>
<!-- Generated by org.testng.reporters.JUnitReportReporter -->
<testsuite hostname="selenium26" failures="0" tests="1" name="TestScripts.GooglePageTest" time="7.720" errors="0" timestamp="2024-12-11T13:23:43 IST" skipped="0">
  <testcase classname="TestScripts.GooglePageTest" name="seleniumSearchTest" time="7.720"/>
  <system-out/>
</testsuite> <!-- TestScripts.GooglePageTest -->
