<?xml version="1.0" encoding="UTF-8"?>
<!-- Generated by org.testng.reporters.JUnitReportReporter -->
<testsuite hostname="selenium26" failures="0" tests="1" name="TestScripts.ToolTipTest" time="3.892" errors="0" timestamp="2024-12-12T12:33:30 IST" skipped="0">
  <testcase classname="TestScripts.ToolTipTest" name="f" time="3.892"/>
  <system-out/>
</testsuite> <!-- TestScripts.ToolTipTest -->
